Sawyer_Ford Komut Kullandi: /jetpack
Sawyer_Ford Komut Kullandi: /giseolustur
Sawyer_Ford Komut Kullandi: /setadmin 0 5
Sawyer_Ford Komut Kullandi: /jetpack
Sawyer_Ford Komut Kullandi: /giseolustur
Sawyer_Ford Komut Kullandi: /giseler
Sawyer_Ford Komut Kullandi: /giseler
Sawyer_Ford Komut Kullandi: /ekonomi
Sawyer_Ford Komut Kullandi: /isyeriolustur
Sawyer_Ford Komut Kullandi: /isyeriolustur 2 1
Sawyer_Ford Komut Kullandi: /satinal
Sawyer_Ford Komut Kullandi: /isyeri
Sawyer_Ford Komut Kullandi: /satinal
Sawyer_Ford Komut Kullandi: /aksesuar
Sawyer_Ford Komut Kullandi: /aksesuar
Sawyer_Ford Komut Kullandi: /satinal
Sawyer_Ford Komut Kullandi: /aksesuar
Sawyer_Ford Komut Kullandi: /evolustur
Sawyer_Ford Komut Kullandi: /evolustur 1 1 100
Sawyer_Ford Komut Kullandi: /satinal
Sawyer_Ford Komut Kullandi: /ev
Sawyer_Ford Komut Kullandi: /ev
Sawyer_Ford Komut Kullandi: /ev
Sawyer_Ford Komut Kullandi: /mobilya
Sawyer_Ford Komut Kullandi: /gisesil 0
Sawyer_Ford Komut Kullandi: /mobilya
Sawyer_Ford Komut Kullandi: /gise
Sawyer_Ford Komut Kullandi: /gisesil 1
Sawyer_Ford Komut Kullandi: /gisesil 0
Sawyer_Ford Komut Kullandi: /evsil 0
Sawyer_Ford Komut Kullandi: /bildirimler
Sawyer_Ford Komut Kullandi: /evolustur
Sawyer_Ford Komut Kullandi: /evolustur 1 1 100
Sawyer_Ford Komut Kullandi: /satinal
Sawyer_Ford Komut Kullandi: /ev
Sawyer_Ford Komut Kullandi: /mobilya
Sawyer_Ford Komut Kullandi: /mobilya
Sawyer_Ford Komut Kullandi: /mobilya
Sawyer_Ford Komut Kullandi: /ev
Sawyer_Ford Komut Kullandi: /mobilya
Sawyer_Ford Komut Kullandi: /ev
Sawyer_Ford Komut Kullandi: /ev
Sawyer_Ford Komut Kullandi: /karakter
Sawyer_Ford Komut Kullandi: /ahelp
Sawyer_Ford Komut Kullandi: /setplayer
Sawyer_Ford Komut Kullandi: /aesyaver
Sawyer_Ford Komut Kullandi: /aesyaver 0
Sawyer_Ford Komut Kullandi: /mobilya
Sawyer_Ford Komut Kullandi: /2xpayday
Sawyer_Ford Komut Kullandi: /panel
Sawyer_Ford Komut Kullandi: /uver
Sawyer_Ford Komut Kullandi: /uver 0 1000
Sawyer_Ford Komut Kullandi: /pet
Sawyer_Ford Komut Kullandi: /giveweapon
Sawyer_Ford Komut Kullandi: /giveweapon 0 31 400
Sawyer_Ford Komut Kullandi: /envanter
Sawyer_Ford Komut Kullandi: /silahlarim
Sawyer_Ford Komut Kullandi: /silahial
Sawyer_Ford Komut Kullandi: /revive 0
Sawyer_Ford Komut Kullandi: /revive 0
Sawyer_Ford Komut Kullandi: /labelyarat
Sawyer_Ford Komut Kullandi: /labelyarat Kanka sikiþ ver gel
Sawyer_Ford Komut Kullandi: /labelyakin
Sawyer_Ford Komut Kullandi: /labelyarat Sawyer
Sawyer_Ford Komut Kullandi: /labelyarat
Sawyer_Ford Komut Kullandi: /labelyarat 31
Sawyer_Ford Komut Kullandi: /labelsil
Sawyer_Ford Komut Kullandi: /labelsil 0
Sawyer_Ford Komut Kullandi: /uver
Sawyer_Ford Komut Kullandi: /uver 1
Sawyer_Ford Komut Kullandi: /uver 1 1
Sawyer_Ford Komut Kullandi: /givedrug
Sawyer_Ford Komut Kullandi: /givedrug 0 100
Sawyer_Ford Komut Kullandi: /ev
Sawyer_Ford Komut Kullandi: /ev
Sawyer_Ford Komut Kullandi: /ev
Sawyer_Ford Komut Kullandi: /ev
Sawyer_Ford Komut Kullandi: /ev
Sawyer_Ford Komut Kullandi: /karakter
Sawyer_Ford Komut Kullandi: /ukullan
Sawyer_Ford Komut Kullandi: /ukullan 1
Sawyer_Ford Komut Kullandi: /karakter
Sawyer_Ford Komut Kullandi: /ev
Sawyer_Ford Komut Kullandi: /ev
Sawyer_Ford Komut Kullandi: /ev
Sawyer_Ford Komut Kullandi: /ev
Sawyer_Ford Komut Kullandi: /ev
Sawyer_Ford Komut Kullandi: /mobilya
Sawyer_Ford Komut Kullandi: /giveweapon 0 30 1
Sawyer_Ford Komut Kullandi: /aesyaver
Sawyer_Ford Komut Kullandi: /aesyaver 0
Sawyer_Ford Komut Kullandi: /isyeriolustur 
Sawyer_Ford Komut Kullandi: /isyeriolustur 5
Sawyer_Ford Komut Kullandi: /isyeriolustur 5 1
Sawyer_Ford Komut Kullandi: /satinal
Sawyer_Ford Komut Kullandi: /isyeri
Sawyer_Ford Komut Kullandi: /satinal
Sawyer_Ford Komut Kullandi: /givecash 0 100000
Sawyer_Ford Komut Kullandi: /satinal
Sawyer_Ford Komut Kullandi: /goto isyeri 0
Sawyer_Ford Komut Kullandi: /telefon
Sawyer_Ford Komut Kullandi: /telefon
Sawyer_Ford Komut Kullandi: /ara 55
Sawyer_Ford Komut Kullandi: /ara 555
Sawyer_Ford Komut Kullandi: /telefon
Sawyer_Ford Komut Kullandi: /telefon
Sawyer_Ford Komut Kullandi: /setbitcoin
Sawyer_Ford Komut Kullandi: /setbitcoin 1 300
Sawyer_Ford Komut Kullandi: /setbitcoin 2 t00
Sawyer_Ford Komut Kullandi: /setbitcoin 2 600
Sawyer_Ford Komut Kullandi: /telefon
Sawyer_Ford Komut Kullandi: /ev
Sawyer_Ford Komut Kullandi: /ev
Sawyer_Ford Komut Kullandi: /ev
Sawyer_Ford Komut Kullandi: /ev
Sawyer_Ford Komut Kullandi: /ev
Sawyer_Ford Komut Kullandi: /yardim
Sawyer_Ford Komut Kullandi: /aracolustur
Sawyer_Ford Komut Kullandi: /araclarim
Sawyer_Ford Komut Kullandi: /aracolustur
Sawyer_Ford Komut Kullandi: /aracolustur 511 0 0 4 1
Sawyer_Ford Komut Kullandi: /hediyeal
Sawyer_Ford Komut Kullandi: /motor
Sawyer_Ford Komut Kullandi: /atamir
Sawyer_Ford Komut Kullandi: /motor
Sawyer_Ford Komut Kullandi: /goto ls
Sawyer_Ford Komut Kullandi: /atamir
Sawyer_Ford Komut Kullandi: /motor
Sawyer_Ford Komut Kullandi: /araclarim
Sawyer_Ford Komut Kullandi: /aracolustur 411 0 0 4 1
Sawyer_Ford Komut Kullandi: /motor
Sawyer_Ford Komut Kullandi: /atamir
Sawyer_Ford Komut Kullandi: /aracolustur 411 0 0 4 1
Sawyer_Ford Komut Kullandi: /motor
Sawyer_Ford Komut Kullandi: /arac
Sawyer_Ford Komut Kullandi: /telefon
Sawyer_Ford Komut Kullandi: /aracyukselt
Sawyer_Ford Komut Kullandi: /aracyukselt
Sawyer_Ford Komut Kullandi: /aracyukselt
Sawyer_Ford Komut Kullandi: /aracyukselt
Sawyer_Ford Komut Kullandi: /aracyukselt
Sawyer_Ford Komut Kullandi: /aracyukselt
Sawyer_Ford Komut Kullandi: /taksiplaka
Sawyer_Ford Komut Kullandi: /azirhlat
Sawyer_Ford Komut Kullandi: /arac
Sawyer_Fords Komut Kullandi: /motor
Sawyer_Fords Komut Kullandi: asd
Sawyer_Ford Komut Kullandi: aracyarat
Sawyer_Ford Komut Kullandi: /motor
Sawyer_Ford Komut Kullandi: lojistiklerim
Sawyer_Ford Komut Kullandi: lojistikkurt
Sawyer_Ford Komut Kullandi: aparaver
Sawyer_Ford Komut Kullandi: acek
Sawyer_Ford Komut Kullandi: setarmour
Sawyer_Ford Komut Kullandi: atarmir
Sawyer_Ford Komut Kullandi: motro
Sawyer_Ford Komut Kullandi: far
Sawyer_Ford Komut Kullandi: lojistik
Sawyer_Ford Komut Kullandi: lojistik
Sawyer_Ford Komut Kullandi: lojistik
Sawyer_Ford Komut Kullandi: lojistik
Sawyer_Ford Komut Kullandi: gotoev
Sawyer_Ford Komut Kullandi: binaolustur
Sawyer_Ford Komut Kullandi: binayarat
Sawyer_Ford Komut Kullandi: bina
Sawyer_Ford Komut Kullandi: createentrance
Sawyer_Ford Komut Kullandi: binayarat
Sawyer_Ford Komut Kullandi: getvar
Sawyer_Ford Komut Kullandi: atmsil
Sawyer_Ford Komut Kullandi: destroyatm
Sawyer_Ford Komut Kullandi: paydayü
Sawyer_Ford Komut Kullandi: paydayü
Sawyer_Ford Komut Kullandi: ljail
Sawyer_Ford Komut Kullandi: lab
Sawyer_Ford Komut Kullandi: bildiirmler
Sawyer_Ford Komut Kullandi: setadminname
Sawyer_Ford Komut Kullandi: adminname
Sawyer_Ford Komut Kullandi: enle
Sawyer_Ford Komut Kullandi: enle
Sawyer_Ford Komut Kullandi: oyuncuduzenle
Sawyer_Ford Komut Kullandi: hizlimit
Sawyer_Ford Komut Kullandi: animlibs
Sawyer_Ford Komut Kullandi: animlibs,
Sawyer_Ford Komut Kullandi: animlibs
Sawyer_Ford Komut Kullandi: animlib
Sawyer_Ford Komut Kullandi: anim
Sawyer_Ford Komut Kullandi: animlibs,
Sawyer_Ford Komut Kullandi: walk
Sawyer_Ford Komut Kullandi: walkanim
Sawyer_Ford Komut Kullandi: get
Sawyer_Ford Komut Kullandi: arav
Sawyer_Ford Komut Kullandi: gotols
Sawyer_Ford Komut Kullandi: park
Sawyer_Ford Komut Kullandi: park
Sawyer_Ford Komut Kullandi: parket
Sawyer_Ford Komut Kullandi: araczirhlat
Sawyer_Ford Komut Kullandi: park
